<?xml version="1.0" encoding="UTF-8"?>
<!-- Generated by org.testng.reporters.JUnitReportReporter -->
<testsuite hostname="VLz" failures="0" tests="6" name="com.juaracoding.ecom.AuthenticationTest" time="13.670" errors="0" timestamp="2025-07-17T14:14:59 WIB" skipped="4">
  <testcase classname="com.juaracoding.ecom.AuthenticationTest" name="loginTest" time="6.450"/>
  <testcase classname="com.juaracoding.ecom.AuthenticationTest" name="loginTest" time="7.220"/>
  <testcase classname="com.juaracoding.ecom.AuthenticationTest" name="loginWithoutPassword">
    <skipped/>
  </testcase> <!-- loginWithoutPassword -->
  <testcase classname="com.juaracoding.ecom.AuthenticationTest" name="loginWithInvalidUsername">
    <skipped/>
  </testcase> <!-- loginWithInvalidUsername -->
  <testcase classname="com.juaracoding.ecom.AuthenticationTest" name="loginWithInvalidPassword">
    <skipped/>
  </testcase> <!-- loginWithInvalidPassword -->
  <testcase classname="com.juaracoding.ecom.AuthenticationTest" name="loginWithoutdUsername">
    <skipped/>
  </testcase> <!-- loginWithoutdUsername -->
</testsuite> <!-- com.juaracoding.ecom.AuthenticationTest -->
