<?xml version="1.0" encoding="UTF-8"?>
<!-- Generated by org.testng.reporters.JUnitReportReporter -->
<testsuite hostname="VLz" failures="0" tests="3" name="com.juaracoding.ecom.InventoryTest" time="32.672" errors="0" timestamp="2025-07-18T20:29:56 WIB" skipped="0">
  <testcase classname="com.juaracoding.ecom.InventoryTest" name="testAdd3Items" time="7.314"/>
  <testcase classname="com.juaracoding.ecom.InventoryTest" name="productSortFeatureTest" time="14.665"/>
  <testcase classname="com.juaracoding.ecom.InventoryTest" name="testAddItems" time="10.693"/>
</testsuite> <!-- com.juaracoding.ecom.InventoryTest -->
