<?xml version="1.0" encoding="UTF-8"?>
<!-- Generated by org.testng.reporters.JUnitReportReporter -->
<testsuite hostname="VLz" failures="0" tests="3" name="com.juaracoding.ecom.InventoryTest" time="18.186" errors="0" timestamp="2025-07-24T23:45:53 WIB" skipped="0">
  <testcase classname="com.juaracoding.ecom.InventoryTest" name="productSortFeatureTest" time="6.285"/>
  <testcase classname="com.juaracoding.ecom.InventoryTest" name="testAdd3Items" time="5.509"/>
  <testcase classname="com.juaracoding.ecom.InventoryTest" name="testAddItems" time="6.392"/>
</testsuite> <!-- com.juaracoding.ecom.InventoryTest -->
