<?xml version="1.0" encoding="UTF-8"?>
<!-- Generated by org.testng.reporters.JUnitReportReporter -->
<testsuite hostname="VLz" failures="0" tests="2" name="com.juaracoding.ecom.DragDropTest" time="7.083" errors="0" timestamp="2025-07-24T23:45:53 WIB" skipped="0">
  <testcase classname="com.juaracoding.ecom.DragDropTest" name="resizeElementTest" time="3.693"/>
  <testcase classname="com.juaracoding.ecom.DragDropTest" name="dragElementTest" time="3.390"/>
</testsuite> <!-- com.juaracoding.ecom.DragDropTest -->
