<?xml version="1.0" encoding="UTF-8"?>
<!-- Generated by org.testng.reporters.JUnitReportReporter -->
<testsuite hostname="VLz" failures="0" tests="7" name="com.juaracoding.ecom.AuthenticationTest" time="24.782" errors="0" timestamp="2025-07-18T20:29:56 WIB" skipped="0">
  <testcase classname="com.juaracoding.ecom.AuthenticationTest" name="loginWithEmptyCredentials" time="2.281"/>
  <testcase classname="com.juaracoding.ecom.AuthenticationTest" name="loginWithoutUsername" time="2.228"/>
  <testcase classname="com.juaracoding.ecom.AuthenticationTest" name="loginWithInvalidPassword" time="2.400"/>
  <testcase classname="com.juaracoding.ecom.AuthenticationTest" name="loginWithInvalidUsername" time="2.376"/>
  <testcase classname="com.juaracoding.ecom.AuthenticationTest" name="loginTest" time="2.412"/>
  <testcase classname="com.juaracoding.ecom.AuthenticationTest" name="loginWithoutPassword" time="2.292"/>
  <testcase classname="com.juaracoding.ecom.AuthenticationTest" name="loginTest" time="10.793"/>
</testsuite> <!-- com.juaracoding.ecom.AuthenticationTest -->
