<?xml version="1.0" encoding="UTF-8"?>
<!-- Generated by org.testng.reporters.JUnitReportReporter -->
<testsuite hostname="VLz" failures="0" tests="7" name="com.juaracoding.ecom.AuthenticationTest" time="15.595" errors="0" timestamp="2025-07-24T23:45:53 WIB" skipped="1">
  <testcase classname="com.juaracoding.ecom.AuthenticationTest" name="loginWithoutPassword" time="1.920"/>
  <testcase classname="com.juaracoding.ecom.AuthenticationTest" name="loginWithEmptyCredentials" time="3.057"/>
  <testcase classname="com.juaracoding.ecom.AuthenticationTest" name="loginWithInvalidPassword" time="1.571"/>
  <testcase classname="com.juaracoding.ecom.AuthenticationTest" name="loginTest" time="2.726"/>
  <testcase classname="com.juaracoding.ecom.AuthenticationTest" name="loginTest" time="3.564"/>
  <testcase classname="com.juaracoding.ecom.AuthenticationTest" name="loginWithoutUsername" time="2.757"/>
  <testcase classname="com.juaracoding.ecom.AuthenticationTest" name="loginWithInvalidUsername">
    <skipped/>
  </testcase> <!-- loginWithInvalidUsername -->
</testsuite> <!-- com.juaracoding.ecom.AuthenticationTest -->
