<?xml version="1.0" encoding="UTF-8"?>
<!-- Generated by org.testng.reporters.JUnitReportReporter -->
<testsuite hostname="VLz" failures="0" tests="3" name="com.juaracoding.ecom.InventoryTest" time="32.438" errors="0" timestamp="2025-07-17T23:36:12 WIB" skipped="0">
  <testcase classname="com.juaracoding.ecom.InventoryTest" name="productSortFeatureTest" time="13.859"/>
  <testcase classname="com.juaracoding.ecom.InventoryTest" name="testAddItems" time="11.294"/>
  <testcase classname="com.juaracoding.ecom.InventoryTest" name="testAdd3Items" time="7.285"/>
</testsuite> <!-- com.juaracoding.ecom.InventoryTest -->
